<?xml version="1.0" encoding="UTF-8"?>
<!-- Generated by org.testng.reporters.JUnitReportReporter -->
<testsuite skipped="0" hostname="ShesiPC" name="returnNdCodeBlock.CodeBlock" tests="1" failures="0" timestamp="2019-09-06T23:16:06 BST" time="0.015" errors="0">
  <testcase name="ValidateHeader" time="0.015" classname="returnNdCodeBlock.CodeBlock"/>
</testsuite> <!-- returnNdCodeBlock.CodeBlock -->
